app/build/intermediates/manifest_merge_blame_file/release/processReleaseMainManifest/manifest-merger-blame-release-report.txt
1<?xml version="1.0" encoding="utf-8"?>
2<manifest xmlns:android="http://schemas.android.com/apk/res/android"
3    package="com.virajgiri.trackmysadhana"
4    android:versionCode="1"
5    android:versionName="1.0.0" >
6
7    <uses-sdk
8        android:minSdkVersion="24"
9        android:targetSdkVersion="35" />
10
11    <permission
11-->[androidx.core:core:1.13.1] AndroidManifest.xml:22:5-24:47
12        android:name="com.virajgiri.trackmysadhana.DYNAMIC_RECEIVER_NOT_EXPORTED_PERMISSION"
12-->[androidx.core:core:1.13.1] AndroidManifest.xml:23:9-81
13        android:protectionLevel="signature" />
13-->[androidx.core:core:1.13.1] AndroidManifest.xml:24:9-44
14
15    <uses-permission android:name="com.virajgiri.trackmysadhana.DYNAMIC_RECEIVER_NOT_EXPORTED_PERMISSION" />
15-->[androidx.core:core:1.13.1] AndroidManifest.xml:26:5-97
15-->[androidx.core:core:1.13.1] AndroidManifest.xml:26:22-94
16
17    <application
17-->src\main\AndroidManifest.xml:4:5-43:19
18        android:allowBackup="true"
18-->src\main\AndroidManifest.xml:5:9-35
19        android:appComponentFactory="androidx.core.app.CoreComponentFactory"
19-->[androidx.core:core:1.13.1] AndroidManifest.xml:28:18-86
20        android:dataExtractionRules="@xml/data_extraction_rules"
20-->src\main\AndroidManifest.xml:7:9-65
21        android:description="@string/app_description"
21-->src\main\AndroidManifest.xml:11:9-54
22        android:extractNativeLibs="false"
23        android:fullBackupContent="@xml/backup_rules"
23-->src\main\AndroidManifest.xml:6:9-54
24        android:icon="@mipmap/ic_launcher"
24-->src\main\AndroidManifest.xml:8:9-43
25        android:label="@string/app_name"
25-->src\main\AndroidManifest.xml:10:9-41
26        android:localeConfig="@xml/locales_config"
26-->src\main\AndroidManifest.xml:14:9-51
27        android:roundIcon="@mipmap/ic_launcher_round"
27-->src\main\AndroidManifest.xml:9:9-54
28        android:supportsRtl="true"
28-->src\main\AndroidManifest.xml:12:9-35
29        android:theme="@style/Theme.TrackMySadhana" >
29-->src\main\AndroidManifest.xml:13:9-52
30
31        <!-- Main launcher — uses Splash Screen theme -->
32        <activity
32-->src\main\AndroidManifest.xml:17:9-27:20
33            android:name="com.virajgiri.trackmysadhana.MainActivity"
33-->src\main\AndroidManifest.xml:18:13-41
34            android:exported="true"
34-->src\main\AndroidManifest.xml:19:13-36
35            android:screenOrientation="portrait"
35-->src\main\AndroidManifest.xml:22:13-49
36            android:theme="@style/Theme.TrackMySadhana.Splash"
36-->src\main\AndroidManifest.xml:20:13-63
37            android:windowSoftInputMode="adjustResize" >
37-->src\main\AndroidManifest.xml:21:13-55
38            <intent-filter>
38-->src\main\AndroidManifest.xml:23:13-26:29
39                <action android:name="android.intent.action.MAIN" />
39-->src\main\AndroidManifest.xml:24:17-69
39-->src\main\AndroidManifest.xml:24:25-66
40
41                <category android:name="android.intent.category.LAUNCHER" />
41-->src\main\AndroidManifest.xml:25:17-77
41-->src\main\AndroidManifest.xml:25:27-74
42            </intent-filter>
43        </activity>
44        <activity
44-->src\main\AndroidManifest.xml:29:9-34:58
45            android:name="com.virajgiri.trackmysadhana.ui.dailyentry.DailyEntryActivity"
45-->src\main\AndroidManifest.xml:30:13-61
46            android:exported="false"
46-->src\main\AndroidManifest.xml:31:13-37
47            android:parentActivityName="com.virajgiri.trackmysadhana.MainActivity"
47-->src\main\AndroidManifest.xml:34:13-55
48            android:theme="@style/Theme.TrackMySadhana"
48-->src\main\AndroidManifest.xml:32:13-56
49            android:windowSoftInputMode="adjustResize" />
49-->src\main\AndroidManifest.xml:33:13-55
50        <activity
50-->src\main\AndroidManifest.xml:36:9-41:58
51            android:name="com.virajgiri.trackmysadhana.ui.addsadhana.AddSadhanaActivity"
51-->src\main\AndroidManifest.xml:37:13-61
52            android:exported="false"
52-->src\main\AndroidManifest.xml:38:13-37
53            android:parentActivityName="com.virajgiri.trackmysadhana.MainActivity"
53-->src\main\AndroidManifest.xml:41:13-55
54            android:theme="@style/Theme.TrackMySadhana"
54-->src\main\AndroidManifest.xml:39:13-56
55            android:windowSoftInputMode="adjustResize" />
55-->src\main\AndroidManifest.xml:40:13-55
56
57        <provider
57-->[androidx.emoji2:emoji2:1.3.0] AndroidManifest.xml:24:9-32:20
58            android:name="androidx.startup.InitializationProvider"
58-->[androidx.emoji2:emoji2:1.3.0] AndroidManifest.xml:25:13-67
59            android:authorities="com.virajgiri.trackmysadhana.androidx-startup"
59-->[androidx.emoji2:emoji2:1.3.0] AndroidManifest.xml:26:13-68
60            android:exported="false" >
60-->[androidx.emoji2:emoji2:1.3.0] AndroidManifest.xml:27:13-37
61            <meta-data
61-->[androidx.emoji2:emoji2:1.3.0] AndroidManifest.xml:29:13-31:52
62                android:name="androidx.emoji2.text.EmojiCompatInitializer"
62-->[androidx.emoji2:emoji2:1.3.0] AndroidManifest.xml:30:17-75
63                android:value="androidx.startup" />
63-->[androidx.emoji2:emoji2:1.3.0] AndroidManifest.xml:31:17-49
64            <meta-data
64-->[androidx.lifecycle:lifecycle-process:2.8.3] AndroidManifest.xml:29:13-31:52
65                android:name="androidx.lifecycle.ProcessLifecycleInitializer"
65-->[androidx.lifecycle:lifecycle-process:2.8.3] AndroidManifest.xml:30:17-78
66                android:value="androidx.startup" />
66-->[androidx.lifecycle:lifecycle-process:2.8.3] AndroidManifest.xml:31:17-49
67            <meta-data
67-->[androidx.profileinstaller:profileinstaller:1.4.0] AndroidManifest.xml:29:13-31:52
68                android:name="androidx.profileinstaller.ProfileInstallerInitializer"
68-->[androidx.profileinstaller:profileinstaller:1.4.0] AndroidManifest.xml:30:17-85
69                android:value="androidx.startup" />
69-->[androidx.profileinstaller:profileinstaller:1.4.0] AndroidManifest.xml:31:17-49
70        </provider>
71
72        <service
72-->[androidx.room:room-runtime:2.6.1] AndroidManifest.xml:24:9-28:63
73            android:name="androidx.room.MultiInstanceInvalidationService"
73-->[androidx.room:room-runtime:2.6.1] AndroidManifest.xml:25:13-74
74            android:directBootAware="true"
74-->[androidx.room:room-runtime:2.6.1] AndroidManifest.xml:26:13-43
75            android:exported="false" />
75-->[androidx.room:room-runtime:2.6.1] AndroidManifest.xml:27:13-37
76
77        <receiver
77-->[androidx.profileinstaller:profileinstaller:1.4.0] AndroidManifest.xml:34:9-52:20
78            android:name="androidx.profileinstaller.ProfileInstallReceiver"
78-->[androidx.profileinstaller:profileinstaller:1.4.0] AndroidManifest.xml:35:13-76
79            android:directBootAware="false"
79-->[androidx.profileinstaller:profileinstaller:1.4.0] AndroidManifest.xml:36:13-44
80            android:enabled="true"
80-->[androidx.profileinstaller:profileinstaller:1.4.0] AndroidManifest.xml:37:13-35
81            android:exported="true"
81-->[androidx.profileinstaller:profileinstaller:1.4.0] AndroidManifest.xml:38:13-36
82            android:permission="android.permission.DUMP" >
82-->[androidx.profileinstaller:profileinstaller:1.4.0] AndroidManifest.xml:39:13-57
83            <intent-filter>
83-->[androidx.profileinstaller:profileinstaller:1.4.0] AndroidManifest.xml:40:13-42:29
84                <action android:name="androidx.profileinstaller.action.INSTALL_PROFILE" />
84-->[androidx.profileinstaller:profileinstaller:1.4.0] AndroidManifest.xml:41:17-91
84-->[androidx.profileinstaller:profileinstaller:1.4.0] AndroidManifest.xml:41:25-88
85            </intent-filter>
86            <intent-filter>
86-->[androidx.profileinstaller:profileinstaller:1.4.0] AndroidManifest.xml:43:13-45:29
87                <action android:name="androidx.profileinstaller.action.SKIP_FILE" />
87-->[androidx.profileinstaller:profileinstaller:1.4.0] AndroidManifest.xml:44:17-85
87-->[androidx.profileinstaller:profileinstaller:1.4.0] AndroidManifest.xml:44:25-82
88            </intent-filter>
89            <intent-filter>
89-->[androidx.profileinstaller:profileinstaller:1.4.0] AndroidManifest.xml:46:13-48:29
90                <action android:name="androidx.profileinstaller.action.SAVE_PROFILE" />
90-->[androidx.profileinstaller:profileinstaller:1.4.0] AndroidManifest.xml:47:17-88
90-->[androidx.profileinstaller:profileinstaller:1.4.0] AndroidManifest.xml:47:25-85
91            </intent-filter>
92            <intent-filter>
92-->[androidx.profileinstaller:profileinstaller:1.4.0] AndroidManifest.xml:49:13-51:29
93                <action android:name="androidx.profileinstaller.action.BENCHMARK_OPERATION" />
93-->[androidx.profileinstaller:profileinstaller:1.4.0] AndroidManifest.xml:50:17-95
93-->[androidx.profileinstaller:profileinstaller:1.4.0] AndroidManifest.xml:50:25-92
94            </intent-filter>
95        </receiver>
96    </application>
97
98</manifest>